<?xml version="1.0" encoding="UTF-8"?>
<testng-results ignored="16" total="27" passed="11" failed="0" skipped="0">
  <reporter-output>
  </reporter-output>
  <suite started-at="2023-07-11T16:23:41 IST" name="Suite" finished-at="2023-07-11T16:24:44 IST" duration-ms="63296">
    <groups>
    </groups>
    <test started-at="2023-07-11T16:23:41 IST" name="Test" finished-at="2023-07-11T16:24:44 IST" duration-ms="63296">
      <class name="com.testcase.Report_Testcase">
        <test-method signature="report_page()[pri:10, instance:com.testcase.Report_Testcase@795509d9]" started-at="2023-07-11T16:24:43 IST" name="report_page" finished-at="2023-07-11T16:24:44 IST" duration-ms="418" status="PASS">
          <reporter-output>
          </reporter-output>
        </test-method> <!-- report_page -->
      </class> <!-- com.testcase.Report_Testcase -->
      <class name="com.testcase.Testcase_Cusomer_Sales">
        <test-method signature="customer_page()[pri:1, instance:com.testcase.Testcase_Cusomer_Sales@75d3a5e0]" started-at="2023-07-11T16:23:41 IST" name="customer_page" finished-at="2023-07-11T16:23:47 IST" duration-ms="6503" status="PASS">
          <reporter-output>
          </reporter-output>
        </test-method> <!-- customer_page -->
      </class> <!-- com.testcase.Testcase_Cusomer_Sales -->
      <class name="com.testcase.Payment_Received_Testcase">
        <test-method signature="payment_Received_Page()[pri:4, instance:com.testcase.Payment_Received_Testcase@74e28667]" started-at="2023-07-11T16:23:57 IST" name="payment_Received_Page" finished-at="2023-07-11T16:24:23 IST" duration-ms="26107" status="PASS">
          <reporter-output>
          </reporter-output>
        </test-method> <!-- payment_Received_Page -->
      </class> <!-- com.testcase.Payment_Received_Testcase -->
      <class name="com.testcase.Expense_Testcase">
        <test-method signature="expense_All_Page()[pri:8, instance:com.testcase.Expense_Testcase@663c9e7a]" started-at="2023-07-11T16:24:38 IST" name="expense_All_Page" finished-at="2023-07-11T16:24:43 IST" duration-ms="5142" status="PASS">
          <reporter-output>
          </reporter-output>
        </test-method> <!-- expense_All_Page -->
      </class> <!-- com.testcase.Expense_Testcase -->
      <class name="com.testcase.Daybook_Testcase">
        <test-method signature="daybook_page()[pri:9, instance:com.testcase.Daybook_Testcase@19e4653c]" started-at="2023-07-11T16:24:43 IST" name="daybook_page" finished-at="2023-07-11T16:24:43 IST" duration-ms="254" status="PASS">
          <reporter-output>
          </reporter-output>
        </test-method> <!-- daybook_page -->
      </class> <!-- com.testcase.Daybook_Testcase -->
      <class name="com.testcase.Item_Testcase">
        <test-method signature="item_Page()[pri:3, instance:com.testcase.Item_Testcase@7161d8d1]" started-at="2023-07-11T16:23:55 IST" name="item_Page" finished-at="2023-07-11T16:23:57 IST" duration-ms="2649" status="PASS">
          <reporter-output>
          </reporter-output>
        </test-method> <!-- item_Page -->
      </class> <!-- com.testcase.Item_Testcase -->
      <class name="com.testcase.Sign_In_Testcase">
        <test-method is-config="true" signature="browser_Launch()[pri:0, instance:com.testcase.Sign_In_Testcase@117159c0]" started-at="2023-07-11T16:23:32 IST" name="browser_Launch" finished-at="2023-07-11T16:23:41 IST" duration-ms="8757" status="PASS">
          <reporter-output>
          </reporter-output>
        </test-method> <!-- browser_Launch -->
        <test-method signature="sign_In_Fun()[pri:0, instance:com.testcase.Sign_In_Testcase@117159c0]" started-at="2023-07-11T16:23:41 IST" name="sign_In_Fun" finished-at="2023-07-11T16:23:41 IST" duration-ms="233" status="PASS">
          <reporter-output>
          </reporter-output>
        </test-method> <!-- sign_In_Fun -->
        <test-method is-config="true" signature="browser_Quit()[pri:0, instance:com.testcase.Sign_In_Testcase@117159c0]" started-at="2023-07-11T16:24:44 IST" name="browser_Quit" finished-at="2023-07-11T16:24:44 IST" duration-ms="0" status="PASS">
          <reporter-output>
          </reporter-output>
        </test-method> <!-- browser_Quit -->
      </class> <!-- com.testcase.Sign_In_Testcase -->
      <class name="com.testcase.Employee_Testcase">
        <test-method signature="employee_Page()[pri:5, instance:com.testcase.Employee_Testcase@1cf6d1be]" started-at="2023-07-11T16:24:23 IST" name="employee_Page" finished-at="2023-07-11T16:24:28 IST" duration-ms="5064" status="PASS">
          <reporter-output>
          </reporter-output>
        </test-method> <!-- employee_Page -->
        <test-method signature="payment_Deduction()[pri:6, instance:com.testcase.Employee_Testcase@1cf6d1be]" started-at="2023-07-11T16:24:28 IST" name="payment_Deduction" finished-at="2023-07-11T16:24:29 IST" duration-ms="715" status="PASS">
          <reporter-output>
          </reporter-output>
        </test-method> <!-- payment_Deduction -->
        <test-method signature="pay_Roll()[pri:7, instance:com.testcase.Employee_Testcase@1cf6d1be]" started-at="2023-07-11T16:24:29 IST" name="pay_Roll" finished-at="2023-07-11T16:24:38 IST" duration-ms="8942" status="PASS">
          <reporter-output>
          </reporter-output>
        </test-method> <!-- pay_Roll -->
      </class> <!-- com.testcase.Employee_Testcase -->
      <class name="com.testcase.Invoice_Testcase">
        <test-method signature="invoice_page()[pri:2, instance:com.testcase.Invoice_Testcase@74d1dc36]" started-at="2023-07-11T16:23:47 IST" name="invoice_page" finished-at="2023-07-11T16:23:55 IST" duration-ms="7220" status="PASS">
          <reporter-output>
          </reporter-output>
        </test-method> <!-- invoice_page -->
      </class> <!-- com.testcase.Invoice_Testcase -->
    </test> <!-- Test -->
  </suite> <!-- Suite -->
</testng-results>
