<?xml version="1.0" encoding="UTF-8"?>
<!-- Generated by org.testng.reporters.JUnitXMLReporter -->
<testsuite ignored="16" hostname="DESKTOP-IG79IBO" failures="0" tests="11" name="Test" time="63.031" errors="0" timestamp="2023-07-11T15:43:44 IST">
  <testcase classname="com.testcase.Sign_In_Testcase" name="sign_In_Fun" time="0.239"/>
  <testcase classname="com.testcase.Testcase_Cusomer_Sales" name="customer_page" time="6.302"/>
  <testcase classname="com.testcase.Invoice_Testcase" name="invoice_page" time="7.256"/>
  <testcase classname="com.testcase.Item_Testcase" name="item_Page" time="2.577"/>
  <testcase classname="com.testcase.Payment_Received_Testcase" name="payment_Received_Page" time="26.195"/>
  <testcase classname="com.testcase.Employee_Testcase" name="employee_Page" time="5.086"/>
  <testcase classname="com.testcase.Employee_Testcase" name="payment_Deduction" time="0.689"/>
  <testcase classname="com.testcase.Employee_Testcase" name="pay_Roll" time="8.905"/>
  <testcase classname="com.testcase.Expense_Testcase" name="expense_All_Page" time="5.038"/>
  <testcase classname="com.testcase.Daybook_Testcase" name="daybook_page" time="0.261"/>
  <testcase classname="com.testcase.Report_Testcase" name="report_page" time="0.433"/>
  <testcase classname="com.main.Main_Iceplant" name="@BeforeSuite browser_Launch" time="0.0">
    <ignored/>
  </testcase> <!-- @BeforeSuite browser_Launch -->
  <testcase classname="com.main.Main_Iceplant" name="@AfterSuite browser_Quit" time="0.0">
    <ignored/>
  </testcase> <!-- @AfterSuite browser_Quit -->
  <testcase classname="com.main.Main_Iceplant" name="@BeforeSuite browser_Launch" time="0.0">
    <ignored/>
  </testcase> <!-- @BeforeSuite browser_Launch -->
  <testcase classname="com.main.Main_Iceplant" name="@AfterSuite browser_Quit" time="0.0">
    <ignored/>
  </testcase> <!-- @AfterSuite browser_Quit -->
  <testcase classname="com.main.Main_Iceplant" name="@BeforeSuite browser_Launch" time="0.0">
    <ignored/>
  </testcase> <!-- @BeforeSuite browser_Launch -->
  <testcase classname="com.main.Main_Iceplant" name="@AfterSuite browser_Quit" time="0.0">
    <ignored/>
  </testcase> <!-- @AfterSuite browser_Quit -->
  <testcase classname="com.main.Main_Iceplant" name="@BeforeSuite browser_Launch" time="0.0">
    <ignored/>
  </testcase> <!-- @BeforeSuite browser_Launch -->
  <testcase classname="com.main.Main_Iceplant" name="@AfterSuite browser_Quit" time="0.0">
    <ignored/>
  </testcase> <!-- @AfterSuite browser_Quit -->
  <testcase classname="com.main.Main_Iceplant" name="@AfterSuite browser_Quit" time="0.0">
    <ignored/>
  </testcase> <!-- @AfterSuite browser_Quit -->
  <testcase classname="com.main.Main_Iceplant" name="@AfterSuite browser_Quit" time="0.0">
    <ignored/>
  </testcase> <!-- @AfterSuite browser_Quit -->
  <testcase classname="com.main.Main_Iceplant" name="@BeforeSuite browser_Launch" time="0.0">
    <ignored/>
  </testcase> <!-- @BeforeSuite browser_Launch -->
  <testcase classname="com.main.Main_Iceplant" name="@AfterSuite browser_Quit" time="0.0">
    <ignored/>
  </testcase> <!-- @AfterSuite browser_Quit -->
  <testcase classname="com.main.Main_Iceplant" name="@BeforeSuite browser_Launch" time="0.0">
    <ignored/>
  </testcase> <!-- @BeforeSuite browser_Launch -->
  <testcase classname="com.main.Main_Iceplant" name="@BeforeSuite browser_Launch" time="0.0">
    <ignored/>
  </testcase> <!-- @BeforeSuite browser_Launch -->
  <testcase classname="com.main.Main_Iceplant" name="@BeforeSuite browser_Launch" time="0.0">
    <ignored/>
  </testcase> <!-- @BeforeSuite browser_Launch -->
  <testcase classname="com.main.Main_Iceplant" name="@AfterSuite browser_Quit" time="0.0">
    <ignored/>
  </testcase> <!-- @AfterSuite browser_Quit -->
</testsuite> <!-- Test -->
